[20:09:16] [Client thread/INFO]: Setting user: Player218
[20:09:36] [Client thread/INFO]: LWJGL Version: 2.9.2
[20:10:18] [Client thread/INFO]: Reloading ResourceManager: Default, FMLFileResourcePack:Forge Mod Loader, FMLFileResourcePack:Minecraft Forge
[20:10:20] [Sound Library Loader/INFO]: Starting up SoundSystem...
[20:10:20] [Thread-6/INFO]: Initializing LWJGL OpenAL
[20:10:20] [Thread-6/INFO]: (The LWJGL binding of OpenAL.  For more information, see http://www.lwjgl.org)
[20:10:22] [Thread-6/INFO]: OpenAL initialized.
[20:10:22] [Sound Library Loader/INFO]: Sound engine started
[20:10:29] [Client thread/INFO]: Created: 512x512 textures-atlas
[20:10:32] [Client thread/INFO]: Reloading ResourceManager: Default, FMLFileResourcePack:Forge Mod Loader, FMLFileResourcePack:Minecraft Forge
[20:10:33] [Client thread/INFO]: SoundSystem shutting down...
[20:10:33] [Client thread/WARN]: Author: Paul Lamb, www.paulscode.com
[20:10:33] [Sound Library Loader/INFO]: Starting up SoundSystem...
[20:10:33] [Thread-8/INFO]: Initializing LWJGL OpenAL
[20:10:33] [Thread-8/INFO]: (The LWJGL binding of OpenAL.  For more information, see http://www.lwjgl.org)
[20:10:33] [Thread-8/INFO]: OpenAL initialized.
[20:10:33] [Sound Library Loader/INFO]: Sound engine started
[20:10:38] [Client thread/INFO]: Created: 512x512 textures-atlas
[20:10:39] [Client thread/ERROR]: ########## GL ERROR ##########
[20:10:39] [Client thread/ERROR]: @ Post startup
[20:10:39] [Client thread/ERROR]: 1281: Invalid value
[20:12:03] [Client thread/ERROR]: Can't ping localhost:25565: Internal Exception: io.netty.handler.timeout.ReadTimeoutException
[20:13:02] [Client thread/INFO]: Connecting to 192.99.21.164, 56799
[20:13:10] [Client thread/INFO]: Stopping!
[20:13:10] [Client thread/INFO]: SoundSystem shutting down...
[20:13:10] [Client thread/WARN]: Author: Paul Lamb, www.paulscode.com
